# JRE version: OpenJDK Runtime Environment (17.0.6) (build 17.0.6+0-b2043.56-9586694)
# Java VM: OpenJDK 64-Bit Server VM (17.0.6+0-b2043.56-9586694, mixed mode, tiered, compressed oops, compressed class ptrs, g1 gc, windows-amd64)
GC Precious Log:
 CPUs: 12 total, 12 available
 Memory: 7917M
 Large Page Support: Disabled
 NUMA Support: Disabled
 Compressed Oops: Enabled (32-bit)
 Heap Region Size: 1M
 Heap Min Capacity: 8M
 Heap Initial Capacity: 124M
 Heap Max Capacity: 2G
 Pre-touch: Disabled
 Parallel Workers: 10
 Concurrent Workers: 3
 Concurrent Refinement Workers: 10
 Periodic GC: Disabled
Heap:
 garbage-first heap   total 377856K, used 311698K [0x0000000080000000, 0x0000000100000000)
  region size 1024K, 4 young (4096K), 2 survivors (2048K)
 Metaspace       used 128955K, committed 129984K, reserved 1163264K
  class space    used 18792K, committed 19264K, reserved 1048576K
GC Heap History (20 events):
Event: 47.745 GC heap before
{Heap before GC invocations=44 (full 0):
 garbage-first heap   total 215040K, used 157801K [0x0000000080000000, 0x0000000100000000)
  region size 1024K, 45 young (46080K), 3 survivors (3072K)
 Metaspace       used 104132K, committed 104896K, reserved 1146880K
  class space    used 14167K, committed 14528K, reserved 1048576K
}
Event: 47.749 GC heap after
{Heap after GC invocations=45 (full 0):
 garbage-first heap   total 215040K, used 116323K [0x0000000080000000, 0x0000000100000000)
  region size 1024K, 5 young (5120K), 5 survivors (5120K)
 Metaspace       used 104132K, committed 104896K, reserved 1146880K
  class space    used 14167K, committed 14528K, reserved 1048576K
}
Event: 48.317 GC heap before
{Heap before GC invocations=45 (full 0):
 garbage-first heap   total 215040K, used 120419K [0x0000000080000000, 0x0000000100000000)
  region size 1024K, 10 young (10240K), 5 survivors (5120K)
 Metaspace       used 104935K, committed 105728K, reserved 1146880K
  class space    used 14271K, committed 14656K, reserved 1048576K
}
Event: 48.321 GC heap after
{Heap after GC invocations=46 (full 0):
 garbage-first heap   total 215040K, used 114151K [0x0000000080000000, 0x0000000100000000)
  region size 1024K, 2 young (2048K), 2 survivors (2048K)
 Metaspace       used 104935K, committed 105728K, reserved 1146880K
  class space    used 14271K, committed 14656K, reserved 1048576K
}
Event: 49.042 GC heap before
{Heap before GC invocations=46 (full 0):
 garbage-first heap   total 215040K, used 177639K [0x0000000080000000, 0x0000000100000000)
  region size 1024K, 64 young (65536K), 2 survivors (2048K)
 Metaspace       used 114453K, committed 115264K, reserved 1155072K
  class space    used 16361K, committed 16768K, reserved 1048576K
}
Event: 49.052 GC heap after
{Heap after GC invocations=47 (full 0):
 garbage-first heap   total 215040K, used 123125K [0x0000000080000000, 0x0000000100000000)
  region size 1024K, 8 young (8192K), 8 survivors (8192K)
 Metaspace       used 114453K, committed 115264K, reserved 1155072K
  class space    used 16361K, committed 16768K, reserved 1048576K
}
Event: 49.386 GC heap before
{Heap before GC invocations=47 (full 0):
 garbage-first heap   total 215040K, used 175349K [0x0000000080000000, 0x0000000100000000)
  region size 1024K, 60 young (61440K), 8 survivors (8192K)
 Metaspace       used 119268K, committed 120192K, reserved 1155072K
  class space    used 17359K, committed 17792K, reserved 1048576K
}
Event: 49.397 GC heap after
{Heap after GC invocations=48 (full 0):
 garbage-first heap   total 215040K, used 128225K [0x0000000080000000, 0x0000000100000000)
  region size 1024K, 6 young (6144K), 6 survivors (6144K)
 Metaspace       used 119268K, committed 120192K, reserved 1155072K
  class space    used 17359K, committed 17792K, reserved 1048576K
}
Event: 49.576 GC heap before
{Heap before GC invocations=48 (full 0):
 garbage-first heap   total 215040K, used 148705K [0x0000000080000000, 0x0000000100000000)
  region size 1024K, 28 young (28672K), 6 survivors (6144K)
 Metaspace       used 120467K, committed 121408K, reserved 1155072K
  class space    used 17532K, committed 17984K, reserved 1048576K
}
Event: 49.578 GC heap after
{Heap after GC invocations=49 (full 0):
 garbage-first heap   total 215040K, used 125907K [0x0000000080000000, 0x0000000100000000)
  region size 1024K, 2 young (2048K), 2 survivors (2048K)
 Metaspace       used 120467K, committed 121408K, reserved 1155072K
  class space    used 17532K, committed 17984K, reserved 1048576K
}
Event: 54.713 GC heap before
{Heap before GC invocations=50 (full 0):
 garbage-first heap   total 215040K, used 176083K [0x0000000080000000, 0x0000000100000000)
  region size 1024K, 53 young (54272K), 2 survivors (2048K)
 Metaspace       used 123731K, committed 124608K, reserved 1163264K
  class space    used 18047K, committed 18432K, reserved 1048576K
}
Event: 54.717 GC heap after
{Heap after GC invocations=51 (full 0):
 garbage-first heap   total 215040K, used 124505K [0x0000000080000000, 0x0000000100000000)
  region size 1024K, 3 young (3072K), 3 survivors (3072K)
 Metaspace       used 123731K, committed 124608K, reserved 1163264K
  class space    used 18047K, committed 18432K, reserved 1048576K
}
Event: 54.783 GC heap before
{Heap before GC invocations=51 (full 0):
 garbage-first heap   total 215040K, used 130649K [0x0000000080000000, 0x0000000100000000)
  region size 1024K, 10 young (10240K), 3 survivors (3072K)
 Metaspace       used 124661K, committed 125568K, reserved 1163264K
  class space    used 18197K, committed 18624K, reserved 1048576K
}
Event: 54.790 GC heap after
{Heap after GC invocations=52 (full 0):
 garbage-first heap   total 215040K, used 122437K [0x0000000080000000, 0x0000000100000000)
  region size 1024K, 1 young (1024K), 1 survivors (1024K)
 Metaspace       used 124661K, committed 125568K, reserved 1163264K
  class space    used 18197K, committed 18624K, reserved 1048576K
}
Event: 70.159 GC heap before
{Heap before GC invocations=52 (full 0):
 garbage-first heap   total 215040K, used 179781K [0x0000000080000000, 0x0000000100000000)
  region size 1024K, 49 young (50176K), 1 survivors (1024K)
 Metaspace       used 128938K, committed 129792K, reserved 1163264K
  class space    used 18811K, committed 19200K, reserved 1048576K
}
Event: 70.166 GC heap after
{Heap after GC invocations=53 (full 0):
 garbage-first heap   total 215040K, used 139528K [0x0000000080000000, 0x0000000100000000)
  region size 1024K, 8 young (8192K), 8 survivors (8192K)
 Metaspace       used 128938K, committed 129792K, reserved 1163264K
  class space    used 18811K, committed 19200K, reserved 1048576K
}
Event: 70.212 GC heap before
{Heap before GC invocations=53 (full 0):
 garbage-first heap   total 215040K, used 151816K [0x0000000080000000, 0x0000000100000000)
  region size 1024K, 12 young (12288K), 8 survivors (8192K)
 Metaspace       used 128946K, committed 129792K, reserved 1163264K
  class space    used 18811K, committed 19200K, reserved 1048576K
}
Event: 70.245 GC heap after
{Heap after GC invocations=54 (full 0):
 garbage-first heap   total 215040K, used 153460K [0x0000000080000000, 0x0000000100000000)
  region size 1024K, 4 young (4096K), 4 survivors (4096K)
 Metaspace       used 128946K, committed 129792K, reserved 1163264K
  class space    used 18811K, committed 19200K, reserved 1048576K
}
Event: 70.471 GC heap before
{Heap before GC invocations=54 (full 0):
 garbage-first heap   total 269312K, used 258932K [0x0000000080000000, 0x0000000100000000)
  region size 1024K, 10 young (10240K), 4 survivors (4096K)
 Metaspace       used 129026K, committed 129984K, reserved 1163264K
  class space    used 18815K, committed 19264K, reserved 1048576K
}
Event: 70.474 GC heap after
{Heap after GC invocations=55 (full 0):
 garbage-first heap   total 323584K, used 243090K [0x0000000080000000, 0x0000000100000000)
  region size 1024K, 2 young (2048K), 2 survivors (2048K)
 Metaspace       used 129026K, committed 129984K, reserved 1163264K
  class space    used 18815K, committed 19264K, reserved 1048576K
}

